<?xml version='1.0' encoding='UTF-8'?>
<testsuite hostname="domingos" name="bi.ria.camp.scorer.rf.svm.SVMScorerSpec" tests="1" errors="1" failures="0" time="1.592">
                <properties>
[...]
</properties>
                <testcase classname="bi.ria.camp.scorer.rf.svm.SVMScorerSpec" name="(It is not a test)" time="1.592"> <error message="actor name [LocalBackendActor] is not unique!" type="akka.actor.InvalidActorNameException">akka.actor.InvalidActorNameException: actor name [LocalBackendActor] is not unique!
	at akka.actor.dungeon.ChildrenContainer$NormalChildrenContainer.reserve(ChildrenContainer.scala:130)
	at akka.actor.dungeon.Children$class.reserveChild(Children.scala:77)
	at akka.actor.ActorCell.reserveChild(ActorCell.scala:369)
	at akka.actor.dungeon.Children$class.makeChild(Children.scala:202)
	at akka.actor.dungeon.Children$class.attachChild(Children.scala:42)
	at akka.actor.ActorCell.attachChild(ActorCell.scala:369)
	at akka.actor.ActorSystemImpl.actorOf(ActorSystem.scala:552)
	at org.apache.spark.scheduler.local.LocalBackend.start(LocalBackend.scala:95)
	at org.apache.spark.scheduler.TaskSchedulerImpl.start(TaskSchedulerImpl.scala:140)
	at org.apache.spark.SparkContext.&lt;init&gt;(SparkContext.scala:335)
	at org.apache.spark.SparkContext.&lt;init&gt;(SparkContext.scala:136)
	at bi.ria.camp.scorer.helper.LocalSparkContext$class.beforeAll(UnitSpec.scala:17)
	at bi.ria.camp.scorer.helper.UnitSparkSpec.beforeAll(UnitSpec.scala:9)
	at org.scalatest.BeforeAndAfterAll$class.beforeAll(BeforeAndAfterAll.scala:187)
	at bi.ria.camp.scorer.helper.UnitSparkSpec.beforeAll(UnitSpec.scala:9)
	at org.scalatest.BeforeAndAfterAll$class.run(BeforeAndAfterAll.scala:253)
	at bi.ria.camp.scorer.helper.UnitSparkSpec.run(UnitSpec.scala:9)
	at org.scalatest.tools.Framework.org$scalatest$tools$Framework$$runSuite(Framework.scala:466)
	at org.scalatest.tools.Framework$ScalaTestTask.execute(Framework.scala:677)
	at sbt.TestRunner.runTest$1(TestFramework.scala:84)
	at sbt.TestRunner.run(TestFramework.scala:94)
	at sbt.TestFramework$$anon$2$$anonfun$$init$$1$$anonfun$apply$8.apply(TestFramework.scala:219)
	at sbt.TestFramework$$anon$2$$anonfun$$init$$1$$anonfun$apply$8.apply(TestFramework.scala:219)
	at sbt.TestFramework$.sbt$TestFramework$$withContextLoader(TestFramework.scala:207)
	at sbt.TestFramework$$anon$2$$anonfun$$init$$1.apply(TestFramework.scala:219)
	at sbt.TestFramework$$anon$2$$anonfun$$init$$1.apply(TestFramework.scala:219)
	at sbt.TestFunction.apply(TestFramework.scala:224)
	at sbt.Tests$$anonfun$7.apply(Tests.scala:196)
	at sbt.Tests$$anonfun$7.apply(Tests.scala:196)
	at sbt.std.Transform$$anon$3$$anonfun$apply$2.apply(System.scala:45)
	at sbt.std.Transform$$anon$3$$anonfun$apply$2.apply(System.scala:45)
	at sbt.std.Transform$$anon$4.work(System.scala:64)
	at sbt.Execute$$anonfun$submit$1$$anonfun$apply$1.apply(Execute.scala:237)
	at sbt.Execute$$anonfun$submit$1$$anonfun$apply$1.apply(Execute.scala:237)
	at sbt.ErrorHandling$.wideConvert(ErrorHandling.scala:18)
	at sbt.Execute.work(Execute.scala:244)
	at sbt.Execute$$anonfun$submit$1.apply(Execute.scala:237)
	at sbt.Execute$$anonfun$submit$1.apply(Execute.scala:237)
	at sbt.ConcurrentRestrictions$$anon$4$$anonfun$1.apply(ConcurrentRestrictions.scala:160)
	at sbt.CompletionService$$anon$2.call(CompletionService.scala:30)
	at java.util.concurrent.FutureTask.run(FutureTask.java:266)
	at java.util.concurrent.Executors$RunnableAdapter.call(Executors.java:511)
	at java.util.concurrent.FutureTask.run(FutureTask.java:266)
	at java.util.concurrent.ThreadPoolExecutor.runWorker(ThreadPoolExecutor.java:1142)
	at java.util.concurrent.ThreadPoolExecutor$Worker.run(ThreadPoolExecutor.java:617)
	at java.lang.Thread.run(Thread.java:745)
</error>
                    </testcase>
                <system-out></system-out>
                <system-err></system-err>
                </testsuite>