[0m[[0minfo[0m] [0mLoading project definition from /Users/domingos/git/CEScorer/project[0m
[0m[[0minfo[0m] [0mSet current project to CEScorer (in build file:/Users/domingos/git/CEScorer/)[0m
0.18083900226757368
0.11917960088691797
[0m[[0minfo[0m] [0m[32mRandomForestScorerSpec:[0m[0m
[0m[[0minfo[0m] [0m[32mThe RandomForest classifier[0m[0m
[0m[[0minfo[0m] [0m[32m- should process the Adult UCI dataset with accuracy[0m[0m
[0m[[0minfo[0m] [0m[32mThe RandomForest classifier[0m[0m
[0m[[0minfo[0m] [0m[32m- should process the gene selection dataset with accuracy[0m[0m
 **1.0
 **1.0
[0m[[0minfo[0m] [0m[32mSVMScorerSpec:[0m[0m
[0m[[0minfo[0m] [0m[32mThe SVM classifier[0m[0m
[0m[[0minfo[0m] [0m[31m- should process the Adult UCI dataset with accuracy *** FAILED ***[0m[0m
[0m[[0minfo[0m] [0m[31m  1.0 was not less than or equal to 0.184 (SVMScorerSpec.scala:19)[0m[0m
[0m[[0minfo[0m] [0m[32mThe SVM classifier[0m[0m
[0m[[0minfo[0m] [0m[31m- should process the gene selection dataset with accuracy *** FAILED ***[0m[0m
[0m[[0minfo[0m] [0m[31m  1.0 was not less than or equal to 0.184 (SVMScorerSpec.scala:30)[0m[0m
[0m[[0minfo[0m] [0m[36mRun completed in 43 seconds, 127 milliseconds.[0m[0m
[0m[[0minfo[0m] [0m[36mTotal number of tests run: 4[0m[0m
[0m[[0minfo[0m] [0m[36mSuites: completed 2, aborted 0[0m[0m
[0m[[0minfo[0m] [0m[36mTests: succeeded 2, failed 2, canceled 0, ignored 0, pending 0[0m[0m
[0m[[0minfo[0m] [0m[31m*** 2 TESTS FAILED ***[0m[0m
[0m[[31merror[0m] [0mFailed tests:[0m
[0m[[31merror[0m] [0m	bi.ria.camp.scorer.svm.SVMScorerSpec[0m
[0m[[31merror[0m] [0m(test:[31mtest[0m) sbt.TestsFailedException: Tests unsuccessful[0m
[0m[[31merror[0m] [0mTotal time: 44 s, completed Mar 4, 2015 7:34:33 PM[0m
