[0m[[0mdebug[0m] [0mRunning TaskDef(bi.ria.camp.scorer.rf.RandomForestScorerSpec, org.scalatest.tools.Framework$$anon$1@7b2b03e6, false, [SuiteSelector])[0m
[0m[[0mdebug[0m] [0mRunning TaskDef(bi.ria.camp.scorer.svm.SVMScorerSpec, org.scalatest.tools.Framework$$anon$1@7b2b03e6, false, [SuiteSelector])[0m
[0m[[0minfo[0m] [0m[36mRun completed in 57 seconds, 19 milliseconds.[0m[0m
[0m[[0minfo[0m] [0m[36mTotal number of tests run: 4[0m[0m
[0m[[0minfo[0m] [0m[36mSuites: completed 2, aborted 0[0m[0m
[0m[[0minfo[0m] [0m[36mTests: succeeded 3, failed 1, canceled 0, ignored 0, pending 0[0m[0m
[0m[[0minfo[0m] [0m[31m*** 1 TEST FAILED ***[0m[0m
[0m[[0mdebug[0m] [0mPassed tests:[0m
[0m[[0mdebug[0m] [0m	bi.ria.camp.scorer.rf.RandomForestScorerSpec[0m
[0m[[31merror[0m] [0mFailed tests:[0m
[0m[[31merror[0m] [0m	bi.ria.camp.scorer.svm.SVMScorerSpec[0m
[0m[[31merror[0m] [0m(test:[31mtest[0m) sbt.TestsFailedException: Tests unsuccessful[0m
